[0.017s] Invoking command in '/home/locobot/LoCoBotRos/interbotix_ws/src/moveit_task_constructor/build/moveit_task_constructor_core': AMENT_PREFIX_PATH=/home/locobot/LoCoBotRos/interbotix_ws/src/moveit_task_constructor/install/rviz_marker_tools:/home/locobot/LoCoBotRos/interbotix_ws/src/moveit_task_constructor/install/moveit_task_constructor_msgs:${AMENT_PREFIX_PATH} CMAKE_PREFIX_PATH=/home/locobot/LoCoBotRos/interbotix_ws/src/moveit_task_constructor/install/rviz_marker_tools:/home/locobot/LoCoBotRos/interbotix_ws/src/moveit_task_constructor/install/moveit_task_constructor_msgs:/home/locobot/LoCoBotRos/interbotix_ws/install/hello_moveit:/home/locobot/apriltag_ws/install/apriltag_ros:/opt/ros/humble LD_LIBRARY_PATH=/home/locobot/LoCoBotRos/interbotix_ws/src/moveit_task_constructor/install/rviz_marker_tools/lib:/home/locobot/LoCoBotRos/interbotix_ws/src/moveit_task_constructor/install/moveit_task_constructor_msgs/lib:${LD_LIBRARY_PATH} PYTHONPATH=/home/locobot/LoCoBotRos/interbotix_ws/src/moveit_task_constructor/install/moveit_task_constructor_msgs/local/lib/python3.10/dist-packages:${PYTHONPATH} /usr/bin/cmake /home/locobot/LoCoBotRos/interbotix_ws/src/moveit_task_constructor/core -DCMAKE_INSTALL_PREFIX=/home/locobot/LoCoBotRos/interbotix_ws/src/moveit_task_constructor/install/moveit_task_constructor_core
[0.078s] -- The C compiler identification is GNU 11.4.0
[0.141s] -- The CXX compiler identification is GNU 11.4.0
[0.149s] -- Detecting C compiler ABI info
[0.226s] -- Detecting C compiler ABI info - done
[0.240s] -- Check for working C compiler: /usr/bin/cc - skipped
[0.240s] -- Detecting C compile features
[0.241s] -- Detecting C compile features - done
[0.245s] -- Detecting CXX compiler ABI info
[0.335s] -- Detecting CXX compiler ABI info - done
[0.349s] -- Check for working CXX compiler: /usr/bin/c++ - skipped
[0.349s] -- Detecting CXX compile features
[0.350s] -- Detecting CXX compile features - done
[0.353s] -- Found ament_cmake: 1.3.11 (/opt/ros/humble/share/ament_cmake/cmake)
[0.522s] -- Found Python3: /usr/bin/python3 (found version "3.10.12") found components: Interpreter 
[0.640s] -- Found Boost: /usr/lib/x86_64-linux-gnu/cmake/Boost-1.74.0/BoostConfig.cmake (found version "1.74.0")  
[0.646s] -- Found geometry_msgs: 4.8.0 (/opt/ros/humble/share/geometry_msgs/cmake)
[0.693s] -- Found rosidl_generator_c: 3.1.6 (/opt/ros/humble/share/rosidl_generator_c/cmake)
[0.700s] -- Found rosidl_adapter: 3.1.6 (/opt/ros/humble/share/rosidl_adapter/cmake)
[0.713s] -- Found rosidl_generator_cpp: 3.1.6 (/opt/ros/humble/share/rosidl_generator_cpp/cmake)
[0.727s] -- Using all available rosidl_typesupport_c: rosidl_typesupport_fastrtps_c;rosidl_typesupport_introspection_c
[0.748s] -- Using all available rosidl_typesupport_cpp: rosidl_typesupport_fastrtps_cpp;rosidl_typesupport_introspection_cpp
[0.797s] -- Found moveit_common: 2.5.9 (/opt/ros/humble/share/moveit_common/cmake)
[0.866s] [0mmoveit_task_constructor_core: You did not request a specific build type: Choosing 'Release' for maximum performance[0m
[0.869s] -- Found moveit_core: 2.5.9 (/opt/ros/humble/share/moveit_core/cmake)
[1.144s] -- Found Boost: /usr/lib/x86_64-linux-gnu/cmake/Boost-1.74.0/BoostConfig.cmake (found version "1.74.0") found components: chrono date_time filesystem iostreams program_options regex serialization system thread 
[1.202s] -- Found parameter_traits: 0.4.0 (/opt/ros/humble/share/parameter_traits/cmake)
[1.257s] -- Found rmw_implementation_cmake: 6.1.2 (/opt/ros/humble/share/rmw_implementation_cmake/cmake)
[1.260s] -- Found rmw_fastrtps_cpp: 6.2.7 (/opt/ros/humble/share/rmw_fastrtps_cpp/cmake)
[1.363s] -- Found OpenSSL: /usr/lib/x86_64-linux-gnu/libcrypto.so (found version "3.0.2")  
[1.388s] -- Found FastRTPS: /opt/ros/humble/include  
[1.435s] -- Using RMW implementation 'rmw_fastrtps_cpp' as default
[1.447s] -- Found Threads: TRUE  
[1.504s] -- Found Eigen3: TRUE (found version "3.4.0") 
[1.507s] -- Found rclcpp_lifecycle: 16.0.12 (/opt/ros/humble/share/rclcpp_lifecycle/cmake)
[1.540s] -- Found Boost: /usr/lib/x86_64-linux-gnu/cmake/Boost-1.74.0/BoostConfig.cmake (found version "1.74.0") found components: filesystem 
[1.642s] -- library: /usr/lib/x86_64-linux-gnu/libcurl.so
[1.723s] -- Ensuring Eigen3 include directory is part of orocos-kdl CMake target
[2.017s] -- Found moveit_ros_planning: 2.5.9 (/opt/ros/humble/share/moveit_ros_planning/cmake)
[2.023s] -- Found Boost: /usr/lib/x86_64-linux-gnu/cmake/Boost-1.74.0/BoostConfig.cmake (found version "1.74.0") found components: system filesystem date_time program_options thread chrono 
[2.052s] -- Found moveit_ros_planning_interface: 2.5.9 (/opt/ros/humble/share/moveit_ros_planning_interface/cmake)
[2.057s] -- Found Boost: /usr/lib/x86_64-linux-gnu/cmake/Boost-1.74.0/BoostConfig.cmake (found version "1.74.0") found components: date_time filesystem program_options system thread 
[2.074s] -- Found Boost: /usr/lib/x86_64-linux-gnu/cmake/Boost-1.74.0/BoostConfig.cmake (found version "1.74.0") found components: thread system filesystem regex date_time program_options 
[2.102s] -- Found Boost: /usr/lib/x86_64-linux-gnu/cmake/Boost-1.74.0/BoostConfig.cmake (found version "1.74.0") found components: system filesystem date_time program_options thread 
[2.137s] -- Found moveit_task_constructor_msgs: 0.1.3 (/home/locobot/LoCoBotRos/interbotix_ws/src/moveit_task_constructor/install/moveit_task_constructor_msgs/share/moveit_task_constructor_msgs/cmake)
[2.169s] -- Found py_binding_tools: 2.0.1 (/opt/ros/humble/share/py_binding_tools/cmake)
[2.172s] -- Found rviz_marker_tools: 0.1.3 (/home/locobot/LoCoBotRos/interbotix_ws/src/moveit_task_constructor/install/rviz_marker_tools/share/rviz_marker_tools/cmake)
[2.400s] -- Found Python3: /usr/bin/python3 (found version "3.10.12") found components: Interpreter Development Development.Module Development.Embed 
[2.410s] -- pybind11 v2.13.0 dev1
[2.437s] -- Found PythonInterp: /usr/bin/python3 (found suitable version "3.10.12", minimum required is "3.6") 
[2.460s] -- Found PythonLibs: /usr/lib/x86_64-linux-gnu/libpython3.10.so
[2.464s] -- Performing Test HAS_FLTO
[2.745s] -- Performing Test HAS_FLTO - Success
[2.755s] -- Found ament_cmake_pytest: 1.3.11 (/opt/ros/humble/share/ament_cmake_pytest/cmake)
[2.758s] -- Found launch_testing_ament_cmake: 1.0.9 (/opt/ros/humble/share/launch_testing_ament_cmake/cmake)
[2.761s] -- Found python_cmake_module: 0.10.0 (/opt/ros/humble/share/python_cmake_module/cmake)
[2.893s] -- Found PythonLibs: /usr/lib/x86_64-linux-gnu/libpython3.10.so (found suitable version "3.10.12", minimum required is "3.5") 
[2.893s] -- Using PYTHON_EXECUTABLE: /usr/bin/python3
[2.894s] -- Using PYTHON_INCLUDE_DIRS: /usr/include/python3.10
[2.894s] -- Using PYTHON_LIBRARIES: /usr/lib/x86_64-linux-gnu/libpython3.10.so
[2.918s] -- Found PythonExtra: .so  
[3.410s] -- Found ament_cmake_gtest: 1.3.11 (/opt/ros/humble/share/ament_cmake_gtest/cmake)
[3.412s] -- Found ament_cmake_gmock: 1.3.11 (/opt/ros/humble/share/ament_cmake_gmock/cmake)
[3.413s] -- Found launch_testing_ament_cmake: 1.0.9 (/opt/ros/humble/share/launch_testing_ament_cmake/cmake)
[3.413s] -- Found python_cmake_module: 0.10.0 (/opt/ros/humble/share/python_cmake_module/cmake)
[3.438s] -- Using PYTHON_EXECUTABLE: /usr/bin/python3
[3.438s] -- Using PYTHON_INCLUDE_DIRS: /usr/include/python3.10
[3.438s] -- Using PYTHON_LIBRARIES: /usr/lib/x86_64-linux-gnu/libpython3.10.so
[3.442s] -- Found gmock sources under '/opt/ros/humble/src/gmock_vendor': C++ tests using 'Google Mock' will be built
[3.449s] -- Found gtest sources under '/opt/ros/humble/src/gtest_vendor': C++ tests using 'Google Test' will be built
[3.477s] -- Configuring done
[3.926s] -- Generating done
[4.042s] -- Build files have been written to: /home/locobot/LoCoBotRos/interbotix_ws/src/moveit_task_constructor/build/moveit_task_constructor_core
[4.069s] Invoked command in '/home/locobot/LoCoBotRos/interbotix_ws/src/moveit_task_constructor/build/moveit_task_constructor_core' returned '0': AMENT_PREFIX_PATH=/home/locobot/LoCoBotRos/interbotix_ws/src/moveit_task_constructor/install/rviz_marker_tools:/home/locobot/LoCoBotRos/interbotix_ws/src/moveit_task_constructor/install/moveit_task_constructor_msgs:${AMENT_PREFIX_PATH} CMAKE_PREFIX_PATH=/home/locobot/LoCoBotRos/interbotix_ws/src/moveit_task_constructor/install/rviz_marker_tools:/home/locobot/LoCoBotRos/interbotix_ws/src/moveit_task_constructor/install/moveit_task_constructor_msgs:/home/locobot/LoCoBotRos/interbotix_ws/install/hello_moveit:/home/locobot/apriltag_ws/install/apriltag_ros:/opt/ros/humble LD_LIBRARY_PATH=/home/locobot/LoCoBotRos/interbotix_ws/src/moveit_task_constructor/install/rviz_marker_tools/lib:/home/locobot/LoCoBotRos/interbotix_ws/src/moveit_task_constructor/install/moveit_task_constructor_msgs/lib:${LD_LIBRARY_PATH} PYTHONPATH=/home/locobot/LoCoBotRos/interbotix_ws/src/moveit_task_constructor/install/moveit_task_constructor_msgs/local/lib/python3.10/dist-packages:${PYTHONPATH} /usr/bin/cmake /home/locobot/LoCoBotRos/interbotix_ws/src/moveit_task_constructor/core -DCMAKE_INSTALL_PREFIX=/home/locobot/LoCoBotRos/interbotix_ws/src/moveit_task_constructor/install/moveit_task_constructor_core
[4.071s] Invoking command in '/home/locobot/LoCoBotRos/interbotix_ws/src/moveit_task_constructor/build/moveit_task_constructor_core': AMENT_PREFIX_PATH=/home/locobot/LoCoBotRos/interbotix_ws/src/moveit_task_constructor/install/rviz_marker_tools:/home/locobot/LoCoBotRos/interbotix_ws/src/moveit_task_constructor/install/moveit_task_constructor_msgs:${AMENT_PREFIX_PATH} CMAKE_PREFIX_PATH=/home/locobot/LoCoBotRos/interbotix_ws/src/moveit_task_constructor/install/rviz_marker_tools:/home/locobot/LoCoBotRos/interbotix_ws/src/moveit_task_constructor/install/moveit_task_constructor_msgs:/home/locobot/LoCoBotRos/interbotix_ws/install/hello_moveit:/home/locobot/apriltag_ws/install/apriltag_ros:/opt/ros/humble LD_LIBRARY_PATH=/home/locobot/LoCoBotRos/interbotix_ws/src/moveit_task_constructor/install/rviz_marker_tools/lib:/home/locobot/LoCoBotRos/interbotix_ws/src/moveit_task_constructor/install/moveit_task_constructor_msgs/lib:${LD_LIBRARY_PATH} PYTHONPATH=/home/locobot/LoCoBotRos/interbotix_ws/src/moveit_task_constructor/install/moveit_task_constructor_msgs/local/lib/python3.10/dist-packages:${PYTHONPATH} /usr/bin/cmake --build /home/locobot/LoCoBotRos/interbotix_ws/src/moveit_task_constructor/build/moveit_task_constructor_core -- -j4 -l4
[4.143s] [  1%] [32mBuilding CXX object gmock/CMakeFiles/gmock.dir/opt/ros/humble/src/gtest_vendor/src/gtest-all.cc.o[0m
[4.144s] [  2%] [32mBuilding CXX object gtest/CMakeFiles/gtest_main.dir/src/gtest_main.cc.o[0m
[4.151s] [  3%] [32mBuilding CXX object src/CMakeFiles/moveit_task_constructor_core.dir/container.cpp.o[0m
[4.162s] [  3%] Built target ament_cmake_python_copy_moveit
[4.197s] [  4%] [32mBuilding CXX object gmock/CMakeFiles/gmock_main.dir/src/gmock_main.cc.o[0m
[5.925s] [  5%] [32m[1mLinking CXX static library libgtest_main.a[0m
[5.979s] [  5%] Built target gtest_main
[5.993s] [  7%] [32mBuilding CXX object src/CMakeFiles/moveit_task_constructor_core.dir/cost_terms.cpp.o[0m
[6.634s] [  8%] [32m[1mLinking CXX static library libgmock_main.a[0m
[6.695s] [  8%] Built target gmock_main
[6.708s] [  9%] [32mBuilding CXX object gmock/CMakeFiles/gmock.dir/src/gmock-all.cc.o[0m
[11.834s] gmake[2]: *** [src/CMakeFiles/moveit_task_constructor_core.dir/build.make:90: src/CMakeFiles/moveit_task_constructor_core.dir/cost_terms.cpp.o] Interrupt
[11.834s] gmake[2]: *** [gmock/CMakeFiles/gmock.dir/build.make:90: gmock/CMakeFiles/gmock.dir/src/gmock-all.cc.o] Interrupt
[11.835s] gmake[2]: *** [src/CMakeFiles/moveit_task_constructor_core.dir/build.make:76: src/CMakeFiles/moveit_task_constructor_core.dir/container.cpp.o] Interrupt
[11.838s] gmake[2]: *** [gmock/CMakeFiles/gmock.dir/build.make:76: gmock/CMakeFiles/gmock.dir/opt/ros/humble/src/gtest_vendor/src/gtest-all.cc.o] Interrupt
[11.838s] gmake[1]: *** [CMakeFiles/Makefile2:362: src/CMakeFiles/moveit_task_constructor_core.dir/all] Interrupt
[11.838s] gmake[1]: *** [CMakeFiles/Makefile2:947: gmock/CMakeFiles/gmock.dir/all] Interrupt
[11.838s] gmake: *** [Makefile:146: all] Interrupt
[11.883s] Invoked command in '/home/locobot/LoCoBotRos/interbotix_ws/src/moveit_task_constructor/build/moveit_task_constructor_core' returned '-2': AMENT_PREFIX_PATH=/home/locobot/LoCoBotRos/interbotix_ws/src/moveit_task_constructor/install/rviz_marker_tools:/home/locobot/LoCoBotRos/interbotix_ws/src/moveit_task_constructor/install/moveit_task_constructor_msgs:${AMENT_PREFIX_PATH} CMAKE_PREFIX_PATH=/home/locobot/LoCoBotRos/interbotix_ws/src/moveit_task_constructor/install/rviz_marker_tools:/home/locobot/LoCoBotRos/interbotix_ws/src/moveit_task_constructor/install/moveit_task_constructor_msgs:/home/locobot/LoCoBotRos/interbotix_ws/install/hello_moveit:/home/locobot/apriltag_ws/install/apriltag_ros:/opt/ros/humble LD_LIBRARY_PATH=/home/locobot/LoCoBotRos/interbotix_ws/src/moveit_task_constructor/install/rviz_marker_tools/lib:/home/locobot/LoCoBotRos/interbotix_ws/src/moveit_task_constructor/install/moveit_task_constructor_msgs/lib:${LD_LIBRARY_PATH} PYTHONPATH=/home/locobot/LoCoBotRos/interbotix_ws/src/moveit_task_constructor/install/moveit_task_constructor_msgs/local/lib/python3.10/dist-packages:${PYTHONPATH} /usr/bin/cmake --build /home/locobot/LoCoBotRos/interbotix_ws/src/moveit_task_constructor/build/moveit_task_constructor_core -- -j4 -l4
