-- Configuring done
-- Generating done
-- Build files have been written to: /home/locobot/LoCoBotRos/interbotix_ws/build/sophus
[35m[1mConsolidate compiler generated dependencies of target test_common[0m
[  4%] [32mBuilding CXX object test/core/CMakeFiles/test_common.dir/test_common.cpp.o[0m
[  8%] [32m[1mLinking CXX executable test_common[0m
[  8%] Built target test_common
[35m[1mConsolidate compiler generated dependencies of target HelloSO3[0m
[ 12%] [32mBuilding CXX object examples/CMakeFiles/HelloSO3.dir/HelloSO3.cpp.o[0m
[ 16%] [32m[1mLinking CXX executable HelloSO3[0m
[ 16%] Built target HelloSO3
[35m[1mConsolidate compiler generated dependencies of target test_geometry[0m
[ 20%] [32mBuilding CXX object test/core/CMakeFiles/test_geometry.dir/test_geometry.cpp.o[0m
[ 25%] [32m[1mLinking CXX executable test_geometry[0m
[ 25%] Built target test_geometry
[35m[1mConsolidate compiler generated dependencies of target test_velocities[0m
[ 29%] [32mBuilding CXX object test/core/CMakeFiles/test_velocities.dir/test_velocities.cpp.o[0m
[ 33%] [32m[1mLinking CXX executable test_velocities[0m
[ 33%] Built target test_velocities
[35m[1mConsolidate compiler generated dependencies of target test_rxso3[0m
[35m[1mConsolidate compiler generated dependencies of target test_sim3[0m
[ 37%] [32mBuilding CXX object test/core/CMakeFiles/test_rxso3.dir/test_rxso3.cpp.o[0m
[ 41%] [32mBuilding CXX object test/core/CMakeFiles/test_sim3.dir/test_sim3.cpp.o[0m
[ 45%] [32m[1mLinking CXX executable test_sim3[0m
[ 45%] Built target test_sim3
[35m[1mConsolidate compiler generated dependencies of target test_rxso2[0m
[35m[1mConsolidate compiler generated dependencies of target test_se3[0m
[35m[1mConsolidate compiler generated dependencies of target test_so3[0m
[35m[1mConsolidate compiler generated dependencies of target test_sim2[0m
[35m[1mConsolidate compiler generated dependencies of target test_so2[0m
[35m[1mConsolidate compiler generated dependencies of target test_se2[0m
[ 50%] [32mBuilding CXX object test/core/CMakeFiles/test_sim2.dir/test_sim2.cpp.o[0m
[ 62%] [32mBuilding CXX object test/core/CMakeFiles/test_se3.dir/test_se3.cpp.o[0m
[ 62%] [32mBuilding CXX object test/core/CMakeFiles/test_so2.dir/test_so2.cpp.o[0m
[ 62%] [32mBuilding CXX object test/core/CMakeFiles/test_se2.dir/test_se2.cpp.o[0m
[ 66%] [32mBuilding CXX object test/core/CMakeFiles/test_so3.dir/test_so3.cpp.o[0m
[ 70%] [32mBuilding CXX object test/core/CMakeFiles/test_rxso2.dir/test_rxso2.cpp.o[0m
[01m[Kc++:[m[K [01;31m[Kfatal error: [m[KKilled signal terminated program cc1plus
compilation terminated.
gmake[2]: *** [test/core/CMakeFiles/test_rxso3.dir/build.make:76: test/core/CMakeFiles/test_rxso3.dir/test_rxso3.cpp.o] Error 1
gmake[1]: *** [CMakeFiles/Makefile2:378: test/core/CMakeFiles/test_rxso3.dir/all] Error 2
gmake[1]: *** Waiting for unfinished jobs....
[ 75%] [32m[1mLinking CXX executable test_so2[0m
[ 79%] [32m[1mLinking CXX executable test_rxso2[0m
[ 79%] Built target test_so2
[ 79%] Built target test_rxso2
[ 83%] [32m[1mLinking CXX executable test_sim2[0m
[ 87%] [32m[1mLinking CXX executable test_se2[0m
[ 87%] Built target test_sim2
[ 87%] Built target test_se2
[ 91%] [32m[1mLinking CXX executable test_se3[0m
[ 91%] Built target test_se3
[ 95%] [32m[1mLinking CXX executable test_so3[0m
[ 95%] Built target test_so3
gmake: *** [Makefile:146: all] Error 2
