[0.019s] Invoking command in '/home/locobot/LoCoBotRos/interbotix_ws/build/sophus': CMAKE_PREFIX_PATH=${CMAKE_PREFIX_PATH}:/home/locobot/LoCoBotRos/interbotix_ws/install/interbotix_xs_modules:/home/locobot/LoCoBotRos/interbotix_ws/install/interbotix_common_modules:/home/locobot/interbotix_ws/install/kobuki_description:/home/locobot/interbotix_ws/install/interbotix_xs_modules:/home/locobot/interbotix_ws/install/interbotix_common_sim:/home/locobot/interbotix_ws/install/interbotix_common_modules:/home/locobot/interbotix_ws/install/ecl_utilities:/home/locobot/interbotix_ws/install/ecl_math:/home/locobot/interbotix_ws/install/ecl_formatters:/home/locobot/interbotix_ws/install/ecl_converters:/home/locobot/interbotix_ws/install/ecl_concepts:/home/locobot/interbotix_ws/install/ecl_type_traits:/home/locobot/interbotix_ws/install/ecl_time_lite:/home/locobot/interbotix_ws/install/ecl_mpl:/home/locobot/interbotix_ws/install/ecl_exceptions:/home/locobot/interbotix_ws/install/ecl_errors:/home/locobot/interbotix_ws/install/ecl_eigen:/home/locobot/interbotix_ws/install/ecl_config:/home/locobot/interbotix_ws/install/ecl_command_line:/home/locobot/interbotix_ws/install/dynamixel_workbench_toolbox:/opt/ros/humble /usr/bin/cmake /home/locobot/LoCoBotRos/interbotix_ws/src/sophus -DCMAKE_BUILD_TYPE=Debug -DCMAKE_INSTALL_PREFIX=/home/locobot/LoCoBotRos/interbotix_ws/install/sophus
[0.090s] -- Configuring done
[0.114s] -- Generating done
[0.119s] -- Build files have been written to: /home/locobot/LoCoBotRos/interbotix_ws/build/sophus
[0.121s] Invoked command in '/home/locobot/LoCoBotRos/interbotix_ws/build/sophus' returned '0': CMAKE_PREFIX_PATH=${CMAKE_PREFIX_PATH}:/home/locobot/LoCoBotRos/interbotix_ws/install/interbotix_xs_modules:/home/locobot/LoCoBotRos/interbotix_ws/install/interbotix_common_modules:/home/locobot/interbotix_ws/install/kobuki_description:/home/locobot/interbotix_ws/install/interbotix_xs_modules:/home/locobot/interbotix_ws/install/interbotix_common_sim:/home/locobot/interbotix_ws/install/interbotix_common_modules:/home/locobot/interbotix_ws/install/ecl_utilities:/home/locobot/interbotix_ws/install/ecl_math:/home/locobot/interbotix_ws/install/ecl_formatters:/home/locobot/interbotix_ws/install/ecl_converters:/home/locobot/interbotix_ws/install/ecl_concepts:/home/locobot/interbotix_ws/install/ecl_type_traits:/home/locobot/interbotix_ws/install/ecl_time_lite:/home/locobot/interbotix_ws/install/ecl_mpl:/home/locobot/interbotix_ws/install/ecl_exceptions:/home/locobot/interbotix_ws/install/ecl_errors:/home/locobot/interbotix_ws/install/ecl_eigen:/home/locobot/interbotix_ws/install/ecl_config:/home/locobot/interbotix_ws/install/ecl_command_line:/home/locobot/interbotix_ws/install/dynamixel_workbench_toolbox:/opt/ros/humble /usr/bin/cmake /home/locobot/LoCoBotRos/interbotix_ws/src/sophus -DCMAKE_BUILD_TYPE=Debug -DCMAKE_INSTALL_PREFIX=/home/locobot/LoCoBotRos/interbotix_ws/install/sophus
[0.123s] Invoking command in '/home/locobot/LoCoBotRos/interbotix_ws/build/sophus': CMAKE_PREFIX_PATH=${CMAKE_PREFIX_PATH}:/home/locobot/LoCoBotRos/interbotix_ws/install/interbotix_xs_modules:/home/locobot/LoCoBotRos/interbotix_ws/install/interbotix_common_modules:/home/locobot/interbotix_ws/install/kobuki_description:/home/locobot/interbotix_ws/install/interbotix_xs_modules:/home/locobot/interbotix_ws/install/interbotix_common_sim:/home/locobot/interbotix_ws/install/interbotix_common_modules:/home/locobot/interbotix_ws/install/ecl_utilities:/home/locobot/interbotix_ws/install/ecl_math:/home/locobot/interbotix_ws/install/ecl_formatters:/home/locobot/interbotix_ws/install/ecl_converters:/home/locobot/interbotix_ws/install/ecl_concepts:/home/locobot/interbotix_ws/install/ecl_type_traits:/home/locobot/interbotix_ws/install/ecl_time_lite:/home/locobot/interbotix_ws/install/ecl_mpl:/home/locobot/interbotix_ws/install/ecl_exceptions:/home/locobot/interbotix_ws/install/ecl_errors:/home/locobot/interbotix_ws/install/ecl_eigen:/home/locobot/interbotix_ws/install/ecl_config:/home/locobot/interbotix_ws/install/ecl_command_line:/home/locobot/interbotix_ws/install/dynamixel_workbench_toolbox:/opt/ros/humble /usr/bin/cmake --build /home/locobot/LoCoBotRos/interbotix_ws/build/sophus -- -j16 -l16
[0.176s] [35m[1mConsolidate compiler generated dependencies of target test_common[0m
[0.194s] [  4%] [32mBuilding CXX object test/core/CMakeFiles/test_common.dir/test_common.cpp.o[0m
[1.314s] [  8%] [32m[1mLinking CXX executable test_common[0m
[1.409s] [  8%] Built target test_common
[1.425s] [35m[1mConsolidate compiler generated dependencies of target HelloSO3[0m
[1.445s] [ 12%] [32mBuilding CXX object examples/CMakeFiles/HelloSO3.dir/HelloSO3.cpp.o[0m
[2.865s] [ 16%] [32m[1mLinking CXX executable HelloSO3[0m
[2.988s] [ 16%] Built target HelloSO3
[3.011s] [35m[1mConsolidate compiler generated dependencies of target test_geometry[0m
[3.031s] [ 20%] [32mBuilding CXX object test/core/CMakeFiles/test_geometry.dir/test_geometry.cpp.o[0m
[9.802s] [ 25%] [32m[1mLinking CXX executable test_geometry[0m
[10.086s] [ 25%] Built target test_geometry
[10.101s] [35m[1mConsolidate compiler generated dependencies of target test_velocities[0m
[10.119s] [ 29%] [32mBuilding CXX object test/core/CMakeFiles/test_velocities.dir/test_velocities.cpp.o[0m
[14.499s] [ 33%] [32m[1mLinking CXX executable test_velocities[0m
[14.755s] [ 33%] Built target test_velocities
[14.778s] [35m[1mConsolidate compiler generated dependencies of target test_rxso3[0m
[14.778s] [35m[1mConsolidate compiler generated dependencies of target test_sim3[0m
[14.799s] [ 37%] [32mBuilding CXX object test/core/CMakeFiles/test_rxso3.dir/test_rxso3.cpp.o[0m
[14.804s] [ 41%] [32mBuilding CXX object test/core/CMakeFiles/test_sim3.dir/test_sim3.cpp.o[0m
[52.162s] [ 45%] [32m[1mLinking CXX executable test_sim3[0m
[53.401s] [ 45%] Built target test_sim3
[53.425s] [35m[1mConsolidate compiler generated dependencies of target test_rxso2[0m
[53.426s] [35m[1mConsolidate compiler generated dependencies of target test_se3[0m
[53.426s] [35m[1mConsolidate compiler generated dependencies of target test_so3[0m
[53.426s] [35m[1mConsolidate compiler generated dependencies of target test_sim2[0m
[53.426s] [35m[1mConsolidate compiler generated dependencies of target test_so2[0m
[53.426s] [35m[1mConsolidate compiler generated dependencies of target test_se2[0m
[53.450s] [ 50%] [32mBuilding CXX object test/core/CMakeFiles/test_sim2.dir/test_sim2.cpp.o[0m
[53.451s] [ 62%] [32mBuilding CXX object test/core/CMakeFiles/test_se3.dir/test_se3.cpp.o[0m
[53.451s] [ 62%] [32mBuilding CXX object test/core/CMakeFiles/test_so2.dir/test_so2.cpp.o[0m
[53.451s] [ 62%] [32mBuilding CXX object test/core/CMakeFiles/test_se2.dir/test_se2.cpp.o[0m
[53.451s] [ 66%] [32mBuilding CXX object test/core/CMakeFiles/test_so3.dir/test_so3.cpp.o[0m
[53.455s] [ 70%] [32mBuilding CXX object test/core/CMakeFiles/test_rxso2.dir/test_rxso2.cpp.o[0m
[187.577s] [01m[Kc++:[m[K [01;31m[Kfatal error: [m[KKilled signal terminated program cc1plus
[187.579s] compilation terminated.
[187.584s] gmake[2]: *** [test/core/CMakeFiles/test_rxso3.dir/build.make:76: test/core/CMakeFiles/test_rxso3.dir/test_rxso3.cpp.o] Error 1
[187.606s] gmake[1]: *** [CMakeFiles/Makefile2:378: test/core/CMakeFiles/test_rxso3.dir/all] Error 2
[187.610s] gmake[1]: *** Waiting for unfinished jobs....
[239.231s] [ 75%] [32m[1mLinking CXX executable test_so2[0m
[239.615s] [ 79%] [32m[1mLinking CXX executable test_rxso2[0m
[239.815s] [ 79%] Built target test_so2
[240.309s] [ 79%] Built target test_rxso2
[253.176s] [ 83%] [32m[1mLinking CXX executable test_sim2[0m
[253.898s] [ 87%] [32m[1mLinking CXX executable test_se2[0m
[254.039s] [ 87%] Built target test_sim2
[254.681s] [ 87%] Built target test_se2
[264.570s] [ 91%] [32m[1mLinking CXX executable test_se3[0m
[265.622s] [ 91%] Built target test_se3
[287.440s] [ 95%] [32m[1mLinking CXX executable test_so3[0m
[288.959s] [ 95%] Built target test_so3
[288.965s] gmake: *** [Makefile:146: all] Error 2
