[01m[Kc++:[m[K [01;31m[Kfatal error: [m[KKilled signal terminated program cc1plus
compilation terminated.
gmake[2]: *** [kinematics_metrics/CMakeFiles/moveit_kinematics_metrics.dir/build.make:76: kinematics_metrics/CMakeFiles/moveit_kinematics_metrics.dir/src/kinematics_metrics.cpp.o] Error 1
gmake[1]: *** [CMakeFiles/Makefile2:1227: kinematics_metrics/CMakeFiles/moveit_kinematics_metrics.dir/all] Error 2
gmake[1]: *** Waiting for unfinished jobs....
[01m[Kc++:[m[K [01;31m[Kfatal error: [m[KKilled signal terminated program cc1plus
compilation terminated.
gmake[2]: *** [robot_state/CMakeFiles/test_robot_state_complex.dir/build.make:76: robot_state/CMakeFiles/test_robot_state_complex.dir/test/test_kinematic_complex.cpp.o] Error 1
gmake[1]: *** [CMakeFiles/Makefile2:1755: robot_state/CMakeFiles/test_robot_state_complex.dir/all] Error 2
gmake: *** [Makefile:146: all] Error 2
