[0.024s] Invoking command in '/home/locobot/LoCoBotRos/interbotix_ws/build/sophus': CMAKE_PREFIX_PATH=${CMAKE_PREFIX_PATH}:/home/locobot/LoCoBotRos/interbotix_ws/install/interbotix_xs_modules:/home/locobot/LoCoBotRos/interbotix_ws/install/interbotix_common_modules:/home/locobot/interbotix_ws/install/kobuki_description:/home/locobot/interbotix_ws/install/interbotix_xs_modules:/home/locobot/interbotix_ws/install/interbotix_common_sim:/home/locobot/interbotix_ws/install/interbotix_common_modules:/home/locobot/interbotix_ws/install/ecl_utilities:/home/locobot/interbotix_ws/install/ecl_math:/home/locobot/interbotix_ws/install/ecl_formatters:/home/locobot/interbotix_ws/install/ecl_converters:/home/locobot/interbotix_ws/install/ecl_concepts:/home/locobot/interbotix_ws/install/ecl_type_traits:/home/locobot/interbotix_ws/install/ecl_time_lite:/home/locobot/interbotix_ws/install/ecl_mpl:/home/locobot/interbotix_ws/install/ecl_exceptions:/home/locobot/interbotix_ws/install/ecl_errors:/home/locobot/interbotix_ws/install/ecl_eigen:/home/locobot/interbotix_ws/install/ecl_config:/home/locobot/interbotix_ws/install/ecl_command_line:/home/locobot/interbotix_ws/install/dynamixel_workbench_toolbox:/opt/ros/humble /usr/bin/cmake --build /home/locobot/LoCoBotRos/interbotix_ws/build/sophus -- -j16 -l16
[0.102s] [35m[1mConsolidate compiler generated dependencies of target test_sim2[0m
[0.102s] [35m[1mConsolidate compiler generated dependencies of target test_se2[0m
[0.102s] [35m[1mConsolidate compiler generated dependencies of target test_so2[0m
[0.102s] [35m[1mConsolidate compiler generated dependencies of target test_sim3[0m
[0.102s] [35m[1mConsolidate compiler generated dependencies of target HelloSO3[0m
[0.102s] [35m[1mConsolidate compiler generated dependencies of target test_common[0m
[0.102s] [35m[1mConsolidate compiler generated dependencies of target test_velocities[0m
[0.104s] [35m[1mConsolidate compiler generated dependencies of target test_se3[0m
[0.104s] [35m[1mConsolidate compiler generated dependencies of target test_so3[0m
[0.107s] [35m[1mConsolidate compiler generated dependencies of target test_rxso2[0m
[0.107s] [35m[1mConsolidate compiler generated dependencies of target test_geometry[0m
[0.123s] [  8%] Built target test_common
[0.124s] [ 16%] [32mBuilding CXX object test/core/CMakeFiles/test_rxso3.dir/test_rxso3.cpp.o[0m
[0.124s] [ 25%] Built target test_sim2
[0.125s] [ 29%] Built target test_se2
[0.125s] [ 41%] Built target test_so2
[0.125s] [ 45%] Built target test_sim3
[0.125s] [ 54%] Built target test_velocities
[0.127s] [ 62%] Built target test_so3
[0.128s] [ 70%] Built target HelloSO3
[0.129s] [ 79%] Built target test_se3
[0.130s] [ 87%] Built target test_rxso2
[0.131s] [ 95%] Built target test_geometry
[191.893s] [01m[Kc++:[m[K [01;31m[Kfatal error: [m[KKilled signal terminated program cc1plus
[191.912s] compilation terminated.
[191.913s] gmake[2]: *** [test/core/CMakeFiles/test_rxso3.dir/build.make:76: test/core/CMakeFiles/test_rxso3.dir/test_rxso3.cpp.o] Error 1
[191.984s] gmake[1]: *** [CMakeFiles/Makefile2:378: test/core/CMakeFiles/test_rxso3.dir/all] Error 2
[192.039s] gmake: *** [Makefile:146: all] Error 2
[192.588s] Invoked command in '/home/locobot/LoCoBotRos/interbotix_ws/build/sophus' returned '2': CMAKE_PREFIX_PATH=${CMAKE_PREFIX_PATH}:/home/locobot/LoCoBotRos/interbotix_ws/install/interbotix_xs_modules:/home/locobot/LoCoBotRos/interbotix_ws/install/interbotix_common_modules:/home/locobot/interbotix_ws/install/kobuki_description:/home/locobot/interbotix_ws/install/interbotix_xs_modules:/home/locobot/interbotix_ws/install/interbotix_common_sim:/home/locobot/interbotix_ws/install/interbotix_common_modules:/home/locobot/interbotix_ws/install/ecl_utilities:/home/locobot/interbotix_ws/install/ecl_math:/home/locobot/interbotix_ws/install/ecl_formatters:/home/locobot/interbotix_ws/install/ecl_converters:/home/locobot/interbotix_ws/install/ecl_concepts:/home/locobot/interbotix_ws/install/ecl_type_traits:/home/locobot/interbotix_ws/install/ecl_time_lite:/home/locobot/interbotix_ws/install/ecl_mpl:/home/locobot/interbotix_ws/install/ecl_exceptions:/home/locobot/interbotix_ws/install/ecl_errors:/home/locobot/interbotix_ws/install/ecl_eigen:/home/locobot/interbotix_ws/install/ecl_config:/home/locobot/interbotix_ws/install/ecl_command_line:/home/locobot/interbotix_ws/install/dynamixel_workbench_toolbox:/opt/ros/humble /usr/bin/cmake --build /home/locobot/LoCoBotRos/interbotix_ws/build/sophus -- -j16 -l16
