-- The C compiler identification is GNU 11.4.0
-- The CXX compiler identification is GNU 11.4.0
-- Detecting C compiler ABI info
-- Detecting C compiler ABI info - done
-- Check for working C compiler: /usr/bin/cc - skipped
-- Detecting C compile features
-- Detecting C compile features - done
-- Detecting CXX compiler ABI info
-- Detecting CXX compiler ABI info - done
-- Check for working CXX compiler: /usr/bin/c++ - skipped
-- Detecting CXX compile features
-- Detecting CXX compile features - done
-- Found Eigen3: /usr/include/eigen3 (Required is at least version "3.3.0") 
-- Configuring done
-- Generating done
-- Build files have been written to: /home/locobot/LoCoBotRos/interbotix_ws/src/build/sophus
[  4%] [32mBuilding CXX object test/core/CMakeFiles/test_so2.dir/test_so2.cpp.o[0m
[  8%] [32mBuilding CXX object test/core/CMakeFiles/test_common.dir/test_common.cpp.o[0m
[ 12%] [32mBuilding CXX object test/core/CMakeFiles/test_se2.dir/test_se2.cpp.o[0m
[ 16%] [32mBuilding CXX object test/core/CMakeFiles/test_rxso2.dir/test_rxso2.cpp.o[0m
[ 20%] [32m[1mLinking CXX executable test_common[0m
[ 20%] Built target test_common
[ 25%] [32mBuilding CXX object test/core/CMakeFiles/test_sim2.dir/test_sim2.cpp.o[0m
gmake[2]: *** [test/core/CMakeFiles/test_sim2.dir/build.make:76: test/core/CMakeFiles/test_sim2.dir/test_sim2.cpp.o] Interrupt
gmake[2]: *** [test/core/CMakeFiles/test_se2.dir/build.make:76: test/core/CMakeFiles/test_se2.dir/test_se2.cpp.o] Interrupt
gmake[2]: *** [test/core/CMakeFiles/test_rxso2.dir/build.make:76: test/core/CMakeFiles/test_rxso2.dir/test_rxso2.cpp.o] Interrupt
gmake[1]: *** [CMakeFiles/Makefile2:300: test/core/CMakeFiles/test_sim2.dir/all] Interrupt
gmake[2]: *** [test/core/CMakeFiles/test_so2.dir/build.make:76: test/core/CMakeFiles/test_so2.dir/test_so2.cpp.o] Interrupt
gmake[1]: *** [CMakeFiles/Makefile2:248: test/core/CMakeFiles/test_se2.dir/all] Interrupt
gmake[1]: *** [CMakeFiles/Makefile2:274: test/core/CMakeFiles/test_rxso2.dir/all] Interrupt
gmake[1]: *** [CMakeFiles/Makefile2:222: test/core/CMakeFiles/test_so2.dir/all] Interrupt
gmake: *** [Makefile:146: all] Interrupt
